<?xml version="1.0" encoding="UTF-8" ?>
<testsuite failures="0" time="0.047" errors="1" skipped="0" tests="1" name="it.luigibennardis.prenotazioneesami.switchyard.remoteinvoker.Test">
  <properties>
    <property name="java.runtime.name" value="Java(TM) SE Runtime Environment"/>
    <property name="sun.boot.library.path" value="C:\Programmi\Java\jdk1.6.0\jre\bin"/>
    <property name="java.vm.version" value="1.6.0-b105"/>
    <property name="java.vm.vendor" value="Sun Microsystems Inc."/>
    <property name="java.vendor.url" value="http://java.sun.com/"/>
    <property name="path.separator" value=";"/>
    <property name="java.vm.name" value="Java HotSpot(TM) Client VM"/>
    <property name="file.encoding.pkg" value="sun.io"/>
    <property name="user.country" value="IT"/>
    <property name="sun.java.launcher" value="SUN_STANDARD"/>
    <property name="sun.os.patch.level" value="Service Pack 3"/>
    <property name="java.vm.specification.name" value="Java Virtual Machine Specification"/>
    <property name="user.dir" value="D:\workspaces\Eclipse\RemoteInvoker\SwitchYardExample_PrenotazioneEsame_SWT"/>
    <property name="java.runtime.version" value="1.6.0-b105"/>
    <property name="java.awt.graphicsenv" value="sun.awt.Win32GraphicsEnvironment"/>
    <property name="basedir" value="D:\workspaces\Eclipse\RemoteInvoker\SwitchYardExample_PrenotazioneEsame_SWT"/>
    <property name="java.endorsed.dirs" value="C:\Programmi\Java\jdk1.6.0\jre\lib\endorsed"/>
    <property name="os.arch" value="x86"/>
    <property name="surefire.real.class.path" value="C:\DOCUME~1\bennar11\IMPOST~1\Temp\surefirebooter33545.jar"/>
    <property name="java.io.tmpdir" value="C:\DOCUME~1\bennar11\IMPOST~1\Temp\"/>
    <property name="line.separator" value="
"/>
    <property name="java.vm.specification.vendor" value="Sun Microsystems Inc."/>
    <property name="user.variant" value=""/>
    <property name="os.name" value="Windows XP"/>
    <property name="log4j.configuration" value="log4j.xml"/>
    <property name="sun.jnu.encoding" value="Cp1252"/>
    <property name="java.library.path" value="C:\Programmi\Java\jdk1.6.0\jre\bin;.;C:\WINDOWS\Sun\Java\bin;C:\WINDOWS\system32;C:\WINDOWS;C:/Programmi/Java/jre7/bin/client;C:/Programmi/Java/jre7/bin;C:/Programmi/Java/jre7/lib/i386;C:\Python27\;c:\CA\SC\CAWIN\;C:\Programmi\PC Connectivity Solution\;C:\WINDOWS\system32;C:\WINDOWS;C:\WINDOWS\system32\WBEM;C:\CA_APPSW;C:\PROGRA~1\IBM\SQLLIB\BIN;C:\PROGRA~1\IBM\SQLLIB\FUNCTION;C:\PROGRA~1\IBM\SQLLIB\SAMPLES\REPL;C:\Programmi\Rational\common;C:\Programmi\Rational\ClearCase\bin;C:\Programmi\Microsoft SQL Server\100\Tools\Binn\;C:\Programmi\Microsoft SQL Server\100\DTS\Binn\;C:\Programmi\Microsoft SQL Server\100\Tools\Binn\VSShell\Common7\IDE\;C:\Programmi\Microsoft Visual Studio 9.0\Common7\IDE\PrivateAssemblies\;C:\WINDOWS\system32\WindowsPowerShell\v1.0;C:\Programmi\MySQL\MySQL Server 5.5\bin;C:\Programmi\apache-ant-1.7.0\bin;C:\Programmi\apache-maven-3.0.5\bin; C:\Programmi\forge-distribution-1.0.2.Final\bin;c:\CA\SC\CAM\bin;C:\CA\SC\Csam\SockAdapter\bin;C:\CA\SC\CBB\;C:\CA\DSM\bin;C:\Programmi\UnxUpdates;C:\Programmi\Git\cmd;C:\Programmi\TortoiseGit\bin; C:\Programmi\forge-distribution-1.0.2.Final\bin;C:\Programmi\QuickTime\QTSystem\;C:\Programmi\eclipse-jee-juno-SR2-A-win32;"/>
    <property name="surefire.test.class.path" value="D:\workspaces\Eclipse\RemoteInvoker\SwitchYardExample_PrenotazioneEsame_SWT\target\test-classes;D:\workspaces\Eclipse\RemoteInvoker\SwitchYardExample_PrenotazioneEsame_SWT\target\classes;D:\MavenRepo\org\switchyard\switchyard-api\0.8.0.Final\switchyard-api-0.8.0.Final.jar;D:\MavenRepo\org\switchyard\switchyard-common\0.8.0.Final\switchyard-common-0.8.0.Final.jar;D:\MavenRepo\log4j\log4j\1.2.16\log4j-1.2.16.jar;D:\MavenRepo\org\switchyard\switchyard-transform\0.8.0.Final\switchyard-transform-0.8.0.Final.jar;D:\MavenRepo\org\switchyard\switchyard-common-cdi\0.8.0.Final\switchyard-common-cdi-0.8.0.Final.jar;D:\MavenRepo\org\apache\deltaspike\core\deltaspike-core-api\0.2-incubating\deltaspike-core-api-0.2-incubating.jar;D:\MavenRepo\javax\enterprise\cdi-api\1.0-SP4\cdi-api-1.0-SP4.jar;D:\MavenRepo\org\jboss\spec\javax\interceptor\jboss-interceptors-api_1.1_spec\1.0.0.Final\jboss-interceptors-api_1.1_spec-1.0.0.Final.jar;D:\MavenRepo\javax\inject\javax.inject\1\javax.inject-1.jar;D:\MavenRepo\org\switchyard\switchyard-config\0.8.0.Final\switchyard-config-0.8.0.Final.jar;D:\MavenRepo\org\milyn\milyn-smooks-all\1.5.1\milyn-smooks-all-1.5.1.jar;D:\MavenRepo\com\thoughtworks\xstream\xstream\1.4.3\xstream-1.4.3.jar;D:\MavenRepo\xmlpull\xmlpull\1.1.3.1\xmlpull-1.1.3.1.jar;D:\MavenRepo\xpp3\xpp3_min\1.1.4c\xpp3_min-1.1.4c.jar;D:\MavenRepo\org\freemarker\freemarker\2.3.15\freemarker-2.3.15.jar;D:\MavenRepo\jaxen\jaxen\1.1.3\jaxen-1.1.3.jar;D:\MavenRepo\org\ow2\bundles\ow2-bundles-externals-opencsv\1.0.23\ow2-bundles-externals-opencsv-1.0.23.jar;D:\MavenRepo\net\sf\opencsv\opencsv\2.1\opencsv-2.1.jar;D:\MavenRepo\commons-lang\commons-lang\2.6\commons-lang-2.6.jar;D:\MavenRepo\commons-logging\commons-logging\1.1\commons-logging-1.1.jar;D:\MavenRepo\org\codehaus\jackson\jackson-mapper-asl\1.9.2\jackson-mapper-asl-1.9.2.jar;D:\MavenRepo\org\codehaus\jackson\jackson-core-asl\1.9.2\jackson-core-asl-1.9.2.jar;D:\MavenRepo\org\mvel\mvel2\2.1.3.Final\mvel2-2.1.3.Final.jar;D:\MavenRepo\org\switchyard\switchyard-validate\0.8.0.Final\switchyard-validate-0.8.0.Final.jar;D:\MavenRepo\xml-resolver\xml-resolver\1.2\xml-resolver-1.2.jar;D:\MavenRepo\org\switchyard\switchyard-plugin\0.8.0.Final\switchyard-plugin-0.8.0.Final.jar;D:\MavenRepo\junit\junit\4.10\junit-4.10.jar;D:\MavenRepo\org\hamcrest\hamcrest-core\1.1\hamcrest-core-1.1.jar;D:\MavenRepo\xmlunit\xmlunit\1.1\xmlunit-1.1.jar;D:\MavenRepo\org\switchyard\switchyard-test\0.8.0.Final\switchyard-test-0.8.0.Final.jar;D:\MavenRepo\org\switchyard\switchyard-runtime\0.8.0.Final\switchyard-runtime-0.8.0.Final.jar;D:\MavenRepo\org\switchyard\switchyard-security\0.8.0.Final\switchyard-security-0.8.0.Final.jar;D:\MavenRepo\org\switchyard\switchyard-serial\0.8.0.Final\switchyard-serial-0.8.0.Final.jar;D:\MavenRepo\javax\transaction\jta\1.1\jta-1.1.jar;D:\MavenRepo\org\switchyard\switchyard-deploy\0.8.0.Final\switchyard-deploy-0.8.0.Final.jar;D:\MavenRepo\org\switchyard\switchyard-extensions-wsdl\0.8.0.Final\switchyard-extensions-wsdl-0.8.0.Final.jar;D:\MavenRepo\org\switchyard\switchyard-bus-camel\0.8.0.Final\switchyard-bus-camel-0.8.0.Final.jar;D:\MavenRepo\org\switchyard\switchyard-common-camel\0.8.0.Final\switchyard-common-camel-0.8.0.Final.jar;D:\MavenRepo\org\apache\camel\camel-cdi\2.10.0\camel-cdi-2.10.0.jar;D:\MavenRepo\org\apache\geronimo\specs\geronimo-jcdi_1.0_spec\1.0\geronimo-jcdi_1.0_spec-1.0.jar;D:\MavenRepo\org\apache\geronimo\specs\geronimo-atinject_1.0_spec\1.0\geronimo-atinject_1.0_spec-1.0.jar;D:\MavenRepo\org\apache\geronimo\specs\geronimo-interceptor_1.1_spec\1.0\geronimo-interceptor_1.1_spec-1.0.jar;D:\MavenRepo\org\apache\camel\camel-core\2.10.0\camel-core-2.10.0.jar;D:\MavenRepo\org\jboss\interceptor\jboss-interceptor-core\2.0.0.Final\jboss-interceptor-core-2.0.0.Final.jar;D:\MavenRepo\org\jboss\interceptor\jboss-interceptor-spi\2.0.0.Final\jboss-interceptor-spi-2.0.0.Final.jar;D:\MavenRepo\com\google\guava\guava\11.0.2\guava-11.0.2.jar;D:\MavenRepo\org\jboss\weld\se\weld-se-core\1.1.0.Final\weld-se-core-1.1.0.Final.jar;D:\MavenRepo\org\jboss\weld\weld-spi\1.1.Final\weld-spi-1.1.Final.jar;D:\MavenRepo\org\jboss\weld\weld-api\1.1.Final\weld-api-1.1.Final.jar;D:\MavenRepo\org\jboss\weld\weld-core\1.1.5.AS71.Final\weld-core-1.1.5.AS71.Final.jar;D:\MavenRepo\org\javassist\javassist\3.15.0-GA\javassist-3.15.0-GA.jar;D:\MavenRepo\javax\el\el-api\2.2\el-api-2.2.jar;D:\MavenRepo\javax\annotation\jsr250-api\1.0\jsr250-api-1.0.jar;D:\MavenRepo\org\slf4j\slf4j-api\1.6.1\slf4j-api-1.6.1.jar;D:\MavenRepo\org\slf4j\slf4j-log4j12\1.6.4\slf4j-log4j12-1.6.4.jar;D:\MavenRepo\org\slf4j\slf4j-ext\1.6.1\slf4j-ext-1.6.1.jar;D:\MavenRepo\ch\qos\cal10n\cal10n-api\0.7.3\cal10n-api-0.7.3.jar;D:\MavenRepo\org\jboss\shrinkwrap\shrinkwrap-impl-base\1.0.0-cr-1\shrinkwrap-impl-base-1.0.0-cr-1.jar;D:\MavenRepo\org\jboss\shrinkwrap\shrinkwrap-api\1.0.0-cr-1\shrinkwrap-api-1.0.0-cr-1.jar;D:\MavenRepo\org\jboss\shrinkwrap\shrinkwrap-spi\1.0.0-cr-1\shrinkwrap-spi-1.0.0-cr-1.jar;D:\MavenRepo\org\jboss\shrinkwrap\resolver\shrinkwrap-resolver-impl-maven\1.0.0-beta-5\shrinkwrap-resolver-impl-maven-1.0.0-beta-5.jar;D:\MavenRepo\org\jboss\shrinkwrap\resolver\shrinkwrap-resolver-api\1.0.0-beta-5\shrinkwrap-resolver-api-1.0.0-beta-5.jar;D:\MavenRepo\org\jboss\shrinkwrap\resolver\shrinkwrap-resolver-api-maven\1.0.0-beta-5\shrinkwrap-resolver-api-maven-1.0.0-beta-5.jar;D:\MavenRepo\org\sonatype\aether\aether-api\1.8\aether-api-1.8.jar;D:\MavenRepo\org\sonatype\aether\aether-util\1.8\aether-util-1.8.jar;D:\MavenRepo\org\sonatype\aether\aether-connector-wagon\1.8\aether-connector-wagon-1.8.jar;D:\MavenRepo\org\sonatype\aether\aether-spi\1.8\aether-spi-1.8.jar;D:\MavenRepo\org\codehaus\plexus\plexus-container-default\1.5.5\plexus-container-default-1.5.5.jar;D:\MavenRepo\org\codehaus\plexus\plexus-classworlds\2.2.2\plexus-classworlds-2.2.2.jar;D:\MavenRepo\org\apache\xbean\xbean-reflect\3.4\xbean-reflect-3.4.jar;D:\MavenRepo\com\google\collections\google-collections\1.0\google-collections-1.0.jar;D:\MavenRepo\org\apache\maven\maven-aether-provider\3.0.1\maven-aether-provider-3.0.1.jar;D:\MavenRepo\org\apache\maven\maven-model\3.0.1\maven-model-3.0.1.jar;D:\MavenRepo\org\apache\maven\maven-model-builder\3.0.1\maven-model-builder-3.0.1.jar;D:\MavenRepo\org\apache\maven\maven-repository-metadata\3.0.1\maven-repository-metadata-3.0.1.jar;D:\MavenRepo\org\sonatype\aether\aether-impl\1.8\aether-impl-1.8.jar;D:\MavenRepo\org\codehaus\plexus\plexus-component-annotations\1.5.5\plexus-component-annotations-1.5.5.jar;D:\MavenRepo\org\codehaus\plexus\plexus-utils\2.0.4\plexus-utils-2.0.4.jar;D:\MavenRepo\org\apache\maven\maven-settings-builder\3.0.1\maven-settings-builder-3.0.1.jar;D:\MavenRepo\org\codehaus\plexus\plexus-interpolation\1.14\plexus-interpolation-1.14.jar;D:\MavenRepo\org\apache\maven\maven-settings\3.0.1\maven-settings-3.0.1.jar;D:\MavenRepo\org\sonatype\plexus\plexus-sec-dispatcher\1.3\plexus-sec-dispatcher-1.3.jar;D:\MavenRepo\org\sonatype\plexus\plexus-cipher\1.4\plexus-cipher-1.4.jar;D:\MavenRepo\org\apache\maven\wagon\wagon-provider-api\1.0-beta-7\wagon-provider-api-1.0-beta-7.jar;D:\MavenRepo\org\apache\maven\wagon\wagon-file\1.0-beta-7\wagon-file-1.0-beta-7.jar;D:\MavenRepo\org\apache\maven\wagon\wagon-http-lightweight\1.0-beta-7\wagon-http-lightweight-1.0-beta-7.jar;D:\MavenRepo\org\apache\maven\wagon\wagon-http-shared\1.0-beta-7\wagon-http-shared-1.0-beta-7.jar;D:\MavenRepo\org\jboss\shrinkwrap\descriptors\shrinkwrap-descriptors-api\1.1.0-beta-1\shrinkwrap-descriptors-api-1.1.0-beta-1.jar;D:\MavenRepo\org\jboss\spec\javax\resource\jboss-connector-api_1.6_spec\1.0.0.Final\jboss-connector-api_1.6_spec-1.0.0.Final.jar;D:\MavenRepo\org\switchyard\components\switchyard-component-test-mixin-cdi\0.8.0.Final\switchyard-component-test-mixin-cdi-0.8.0.Final.jar;D:\MavenRepo\org\switchyard\components\switchyard-component-test-mixin-naming\0.8.0.Final\switchyard-component-test-mixin-naming-0.8.0.Final.jar;D:\MavenRepo\org\jboss\as\jboss-as-naming\7.1.1.Final\jboss-as-naming-7.1.1.Final.jar;D:\MavenRepo\org\jboss\jboss-remote-naming\1.0.2.Final\jboss-remote-naming-1.0.2.Final.jar;D:\MavenRepo\org\jboss\jboss-ejb-client\1.0.5.Final\jboss-ejb-client-1.0.5.Final.jar;D:\MavenRepo\org\jboss\marshalling\jboss-marshalling\1.3.11.GA\jboss-marshalling-1.3.11.GA.jar;D:\MavenRepo\org\jboss\xnio\xnio-api\3.0.3.GA\xnio-api-3.0.3.GA.jar;D:\MavenRepo\org\jboss\remoting3\jboss-remoting\3.2.3.GA\jboss-remoting-3.2.3.GA.jar;D:\MavenRepo\org\jboss\logging\jboss-logging\3.1.0.GA\jboss-logging-3.1.0.GA.jar;D:\MavenRepo\org\jboss\msc\jboss-msc\1.0.2.GA\jboss-msc-1.0.2.GA.jar;D:\MavenRepo\org\jboss\as\jboss-as-server\7.1.1.Final\jboss-as-server-7.1.1.Final.jar;D:\MavenRepo\org\jboss\as\jboss-as-controller\7.1.1.Final\jboss-as-controller-7.1.1.Final.jar;D:\MavenRepo\org\jboss\as\jboss-as-controller-client\7.1.1.Final\jboss-as-controller-client-7.1.1.Final.jar;D:\MavenRepo\org\jboss\staxmapper\1.1.0.Final\staxmapper-1.1.0.Final.jar;D:\MavenRepo\org\jboss\as\jboss-as-domain-http-interface\7.1.1.Final\jboss-as-domain-http-interface-7.1.1.Final.jar;D:\MavenRepo\org\jboss\as\jboss-as-domain-management\7.1.1.Final\jboss-as-domain-management-7.1.1.Final.jar;D:\MavenRepo\org\jboss\jboss-common-core\2.2.17.GA\jboss-common-core-2.2.17.GA.jar;D:\MavenRepo\org\jboss\com\sun\httpserver\httpserver\1.0.0.Final\httpserver-1.0.0.Final.jar;D:\MavenRepo\org\jboss\as\jboss-as-deployment-repository\7.1.1.Final\jboss-as-deployment-repository-7.1.1.Final.jar;D:\MavenRepo\org\jboss\as\jboss-as-protocol\7.1.1.Final\jboss-as-protocol-7.1.1.Final.jar;D:\MavenRepo\org\jboss\xnio\xnio-nio\3.0.3.GA\xnio-nio-3.0.3.GA.jar;D:\MavenRepo\org\jboss\as\jboss-as-embedded\7.1.1.Final\jboss-as-embedded-7.1.1.Final.jar;D:\MavenRepo\org\jboss\as\jboss-as-platform-mbean\7.1.1.Final\jboss-as-platform-mbean-7.1.1.Final.jar;D:\MavenRepo\org\jboss\as\jboss-as-process-controller\7.1.1.Final\jboss-as-process-controller-7.1.1.Final.jar;C:\Programmi\Java\jdk1.6.0\jre\..\lib\tools.jar;D:\MavenRepo\org\jboss\as\jboss-as-remoting\7.1.1.Final\jboss-as-remoting-7.1.1.Final.jar;D:\MavenRepo\org\jboss\as\jboss-as-network\7.1.1.Final\jboss-as-network-7.1.1.Final.jar;D:\MavenRepo\org\jboss\as\jboss-as-threads\7.1.1.Final\jboss-as-threads-7.1.1.Final.jar;D:\MavenRepo\org\jboss\jandex\1.0.3.Final\jandex-1.0.3.Final.jar;D:\MavenRepo\org\jboss\jboss-dmr\1.1.1.Final\jboss-dmr-1.1.1.Final.jar;D:\MavenRepo\org\jboss\invocation\jboss-invocation\1.1.1.Final\jboss-invocation-1.1.1.Final.jar;D:\MavenRepo\org\jboss\logmanager\jboss-logmanager\1.2.2.GA\jboss-logmanager-1.2.2.GA.jar;D:\MavenRepo\org\jboss\logmanager\jboss-logmanager-log4j\1.0.0.GA\jboss-logmanager-log4j-1.0.0.GA.jar;D:\MavenRepo\org\jboss\modules\jboss-modules\1.1.1.GA\jboss-modules-1.1.1.GA.jar;D:\MavenRepo\org\jboss\sasl\jboss-sasl\1.0.0.Final\jboss-sasl-1.0.0.Final.jar;D:\MavenRepo\org\jboss\stdio\jboss-stdio\1.0.1.GA\jboss-stdio-1.0.1.GA.jar;D:\MavenRepo\org\jboss\threads\jboss-threads\2.0.0.GA\jboss-threads-2.0.0.GA.jar;D:\MavenRepo\org\jboss\jboss-vfs\3.1.0.Final\jboss-vfs-3.1.0.Final.jar;D:\MavenRepo\org\jboss\as\jboss-as-build-config\7.1.1.Final\jboss-as-build-config-7.1.1.Final.jar;D:\MavenRepo\org\jboss\ejb3\jboss-ejb3-api\3.1.0\jboss-ejb3-api-3.1.0.jar;D:\MavenRepo\org\jboss\javaee\jboss-transaction-api\1.0.1.CR2\jboss-transaction-api-1.0.1.CR2.jar;D:\MavenRepo\org\switchyard\components\switchyard-component-bean\0.8.0.Final\switchyard-component-bean-0.8.0.Final.jar;D:\MavenRepo\org\switchyard\switchyard-remote\0.8.0.Final\switchyard-remote-0.8.0.Final.jar;D:\MavenRepo\org\switchyard\switchyard-serial-jackson\0.8.0.Final\switchyard-serial-jackson-0.8.0.Final.jar;D:\MavenRepo\org\infinispan\infinispan-core\5.1.2.FINAL\infinispan-core-5.1.2.FINAL.jar;D:\MavenRepo\org\jboss\spec\javax\transaction\jboss-transaction-api_1.1_spec\1.0.0.Final\jboss-transaction-api_1.1_spec-1.0.0.Final.jar;D:\MavenRepo\org\rhq\helpers\rhq-pluginAnnotations\3.0.4\rhq-pluginAnnotations-3.0.4.jar;D:\MavenRepo\org\switchyard\components\switchyard-component-sca\0.8.0.Final\switchyard-component-sca-0.8.0.Final.jar;D:\MavenRepo\javax\servlet\servlet-api\2.5\servlet-api-2.5.jar;D:\MavenRepo\it\luigibennardis\prenotaEsamiLibs\1.0-SNAPSHOT\prenotaEsamiLibs-1.0-SNAPSHOT.jar;D:\MavenRepo\org\switchyard\components\switchyard-component-soap\0.8.0.Final\switchyard-component-soap-0.8.0.Final.jar;D:\MavenRepo\org\switchyard\components\switchyard-component-common\0.8.0.Final\switchyard-component-common-0.8.0.Final.jar;D:\MavenRepo\wsdl4j\wsdl4j\1.6.2\wsdl4j-1.6.2.jar;"/>
    <property name="java.specification.name" value="Java Platform API Specification"/>
    <property name="java.class.version" value="50.0"/>
    <property name="sun.management.compiler" value="HotSpot Client Compiler"/>
    <property name="os.version" value="5.1"/>
    <property name="user.home" value="C:\Documents and Settings\bennar11"/>
    <property name="user.timezone" value=""/>
    <property name="java.awt.printerjob" value="sun.awt.windows.WPrinterJob"/>
    <property name="java.specification.version" value="1.6"/>
    <property name="file.encoding" value="Cp1252"/>
    <property name="user.name" value="bennar11"/>
    <property name="java.class.path" value="D:\workspaces\Eclipse\RemoteInvoker\SwitchYardExample_PrenotazioneEsame_SWT\target\test-classes;D:\workspaces\Eclipse\RemoteInvoker\SwitchYardExample_PrenotazioneEsame_SWT\target\classes;D:\MavenRepo\org\switchyard\switchyard-api\0.8.0.Final\switchyard-api-0.8.0.Final.jar;D:\MavenRepo\org\switchyard\switchyard-common\0.8.0.Final\switchyard-common-0.8.0.Final.jar;D:\MavenRepo\log4j\log4j\1.2.16\log4j-1.2.16.jar;D:\MavenRepo\org\switchyard\switchyard-transform\0.8.0.Final\switchyard-transform-0.8.0.Final.jar;D:\MavenRepo\org\switchyard\switchyard-common-cdi\0.8.0.Final\switchyard-common-cdi-0.8.0.Final.jar;D:\MavenRepo\org\apache\deltaspike\core\deltaspike-core-api\0.2-incubating\deltaspike-core-api-0.2-incubating.jar;D:\MavenRepo\javax\enterprise\cdi-api\1.0-SP4\cdi-api-1.0-SP4.jar;D:\MavenRepo\org\jboss\spec\javax\interceptor\jboss-interceptors-api_1.1_spec\1.0.0.Final\jboss-interceptors-api_1.1_spec-1.0.0.Final.jar;D:\MavenRepo\javax\inject\javax.inject\1\javax.inject-1.jar;D:\MavenRepo\org\switchyard\switchyard-config\0.8.0.Final\switchyard-config-0.8.0.Final.jar;D:\MavenRepo\org\milyn\milyn-smooks-all\1.5.1\milyn-smooks-all-1.5.1.jar;D:\MavenRepo\com\thoughtworks\xstream\xstream\1.4.3\xstream-1.4.3.jar;D:\MavenRepo\xmlpull\xmlpull\1.1.3.1\xmlpull-1.1.3.1.jar;D:\MavenRepo\xpp3\xpp3_min\1.1.4c\xpp3_min-1.1.4c.jar;D:\MavenRepo\org\freemarker\freemarker\2.3.15\freemarker-2.3.15.jar;D:\MavenRepo\jaxen\jaxen\1.1.3\jaxen-1.1.3.jar;D:\MavenRepo\org\ow2\bundles\ow2-bundles-externals-opencsv\1.0.23\ow2-bundles-externals-opencsv-1.0.23.jar;D:\MavenRepo\net\sf\opencsv\opencsv\2.1\opencsv-2.1.jar;D:\MavenRepo\commons-lang\commons-lang\2.6\commons-lang-2.6.jar;D:\MavenRepo\commons-logging\commons-logging\1.1\commons-logging-1.1.jar;D:\MavenRepo\org\codehaus\jackson\jackson-mapper-asl\1.9.2\jackson-mapper-asl-1.9.2.jar;D:\MavenRepo\org\codehaus\jackson\jackson-core-asl\1.9.2\jackson-core-asl-1.9.2.jar;D:\MavenRepo\org\mvel\mvel2\2.1.3.Final\mvel2-2.1.3.Final.jar;D:\MavenRepo\org\switchyard\switchyard-validate\0.8.0.Final\switchyard-validate-0.8.0.Final.jar;D:\MavenRepo\xml-resolver\xml-resolver\1.2\xml-resolver-1.2.jar;D:\MavenRepo\org\switchyard\switchyard-plugin\0.8.0.Final\switchyard-plugin-0.8.0.Final.jar;D:\MavenRepo\junit\junit\4.10\junit-4.10.jar;D:\MavenRepo\org\hamcrest\hamcrest-core\1.1\hamcrest-core-1.1.jar;D:\MavenRepo\xmlunit\xmlunit\1.1\xmlunit-1.1.jar;D:\MavenRepo\org\switchyard\switchyard-test\0.8.0.Final\switchyard-test-0.8.0.Final.jar;D:\MavenRepo\org\switchyard\switchyard-runtime\0.8.0.Final\switchyard-runtime-0.8.0.Final.jar;D:\MavenRepo\org\switchyard\switchyard-security\0.8.0.Final\switchyard-security-0.8.0.Final.jar;D:\MavenRepo\org\switchyard\switchyard-serial\0.8.0.Final\switchyard-serial-0.8.0.Final.jar;D:\MavenRepo\javax\transaction\jta\1.1\jta-1.1.jar;D:\MavenRepo\org\switchyard\switchyard-deploy\0.8.0.Final\switchyard-deploy-0.8.0.Final.jar;D:\MavenRepo\org\switchyard\switchyard-extensions-wsdl\0.8.0.Final\switchyard-extensions-wsdl-0.8.0.Final.jar;D:\MavenRepo\org\switchyard\switchyard-bus-camel\0.8.0.Final\switchyard-bus-camel-0.8.0.Final.jar;D:\MavenRepo\org\switchyard\switchyard-common-camel\0.8.0.Final\switchyard-common-camel-0.8.0.Final.jar;D:\MavenRepo\org\apache\camel\camel-cdi\2.10.0\camel-cdi-2.10.0.jar;D:\MavenRepo\org\apache\geronimo\specs\geronimo-jcdi_1.0_spec\1.0\geronimo-jcdi_1.0_spec-1.0.jar;D:\MavenRepo\org\apache\geronimo\specs\geronimo-atinject_1.0_spec\1.0\geronimo-atinject_1.0_spec-1.0.jar;D:\MavenRepo\org\apache\geronimo\specs\geronimo-interceptor_1.1_spec\1.0\geronimo-interceptor_1.1_spec-1.0.jar;D:\MavenRepo\org\apache\camel\camel-core\2.10.0\camel-core-2.10.0.jar;D:\MavenRepo\org\jboss\interceptor\jboss-interceptor-core\2.0.0.Final\jboss-interceptor-core-2.0.0.Final.jar;D:\MavenRepo\org\jboss\interceptor\jboss-interceptor-spi\2.0.0.Final\jboss-interceptor-spi-2.0.0.Final.jar;D:\MavenRepo\com\google\guava\guava\11.0.2\guava-11.0.2.jar;D:\MavenRepo\org\jboss\weld\se\weld-se-core\1.1.0.Final\weld-se-core-1.1.0.Final.jar;D:\MavenRepo\org\jboss\weld\weld-spi\1.1.Final\weld-spi-1.1.Final.jar;D:\MavenRepo\org\jboss\weld\weld-api\1.1.Final\weld-api-1.1.Final.jar;D:\MavenRepo\org\jboss\weld\weld-core\1.1.5.AS71.Final\weld-core-1.1.5.AS71.Final.jar;D:\MavenRepo\org\javassist\javassist\3.15.0-GA\javassist-3.15.0-GA.jar;D:\MavenRepo\javax\el\el-api\2.2\el-api-2.2.jar;D:\MavenRepo\javax\annotation\jsr250-api\1.0\jsr250-api-1.0.jar;D:\MavenRepo\org\slf4j\slf4j-api\1.6.1\slf4j-api-1.6.1.jar;D:\MavenRepo\org\slf4j\slf4j-log4j12\1.6.4\slf4j-log4j12-1.6.4.jar;D:\MavenRepo\org\slf4j\slf4j-ext\1.6.1\slf4j-ext-1.6.1.jar;D:\MavenRepo\ch\qos\cal10n\cal10n-api\0.7.3\cal10n-api-0.7.3.jar;D:\MavenRepo\org\jboss\shrinkwrap\shrinkwrap-impl-base\1.0.0-cr-1\shrinkwrap-impl-base-1.0.0-cr-1.jar;D:\MavenRepo\org\jboss\shrinkwrap\shrinkwrap-api\1.0.0-cr-1\shrinkwrap-api-1.0.0-cr-1.jar;D:\MavenRepo\org\jboss\shrinkwrap\shrinkwrap-spi\1.0.0-cr-1\shrinkwrap-spi-1.0.0-cr-1.jar;D:\MavenRepo\org\jboss\shrinkwrap\resolver\shrinkwrap-resolver-impl-maven\1.0.0-beta-5\shrinkwrap-resolver-impl-maven-1.0.0-beta-5.jar;D:\MavenRepo\org\jboss\shrinkwrap\resolver\shrinkwrap-resolver-api\1.0.0-beta-5\shrinkwrap-resolver-api-1.0.0-beta-5.jar;D:\MavenRepo\org\jboss\shrinkwrap\resolver\shrinkwrap-resolver-api-maven\1.0.0-beta-5\shrinkwrap-resolver-api-maven-1.0.0-beta-5.jar;D:\MavenRepo\org\sonatype\aether\aether-api\1.8\aether-api-1.8.jar;D:\MavenRepo\org\sonatype\aether\aether-util\1.8\aether-util-1.8.jar;D:\MavenRepo\org\sonatype\aether\aether-connector-wagon\1.8\aether-connector-wagon-1.8.jar;D:\MavenRepo\org\sonatype\aether\aether-spi\1.8\aether-spi-1.8.jar;D:\MavenRepo\org\codehaus\plexus\plexus-container-default\1.5.5\plexus-container-default-1.5.5.jar;D:\MavenRepo\org\codehaus\plexus\plexus-classworlds\2.2.2\plexus-classworlds-2.2.2.jar;D:\MavenRepo\org\apache\xbean\xbean-reflect\3.4\xbean-reflect-3.4.jar;D:\MavenRepo\com\google\collections\google-collections\1.0\google-collections-1.0.jar;D:\MavenRepo\org\apache\maven\maven-aether-provider\3.0.1\maven-aether-provider-3.0.1.jar;D:\MavenRepo\org\apache\maven\maven-model\3.0.1\maven-model-3.0.1.jar;D:\MavenRepo\org\apache\maven\maven-model-builder\3.0.1\maven-model-builder-3.0.1.jar;D:\MavenRepo\org\apache\maven\maven-repository-metadata\3.0.1\maven-repository-metadata-3.0.1.jar;D:\MavenRepo\org\sonatype\aether\aether-impl\1.8\aether-impl-1.8.jar;D:\MavenRepo\org\codehaus\plexus\plexus-component-annotations\1.5.5\plexus-component-annotations-1.5.5.jar;D:\MavenRepo\org\codehaus\plexus\plexus-utils\2.0.4\plexus-utils-2.0.4.jar;D:\MavenRepo\org\apache\maven\maven-settings-builder\3.0.1\maven-settings-builder-3.0.1.jar;D:\MavenRepo\org\codehaus\plexus\plexus-interpolation\1.14\plexus-interpolation-1.14.jar;D:\MavenRepo\org\apache\maven\maven-settings\3.0.1\maven-settings-3.0.1.jar;D:\MavenRepo\org\sonatype\plexus\plexus-sec-dispatcher\1.3\plexus-sec-dispatcher-1.3.jar;D:\MavenRepo\org\sonatype\plexus\plexus-cipher\1.4\plexus-cipher-1.4.jar;D:\MavenRepo\org\apache\maven\wagon\wagon-provider-api\1.0-beta-7\wagon-provider-api-1.0-beta-7.jar;D:\MavenRepo\org\apache\maven\wagon\wagon-file\1.0-beta-7\wagon-file-1.0-beta-7.jar;D:\MavenRepo\org\apache\maven\wagon\wagon-http-lightweight\1.0-beta-7\wagon-http-lightweight-1.0-beta-7.jar;D:\MavenRepo\org\apache\maven\wagon\wagon-http-shared\1.0-beta-7\wagon-http-shared-1.0-beta-7.jar;D:\MavenRepo\org\jboss\shrinkwrap\descriptors\shrinkwrap-descriptors-api\1.1.0-beta-1\shrinkwrap-descriptors-api-1.1.0-beta-1.jar;D:\MavenRepo\org\jboss\spec\javax\resource\jboss-connector-api_1.6_spec\1.0.0.Final\jboss-connector-api_1.6_spec-1.0.0.Final.jar;D:\MavenRepo\org\switchyard\components\switchyard-component-test-mixin-cdi\0.8.0.Final\switchyard-component-test-mixin-cdi-0.8.0.Final.jar;D:\MavenRepo\org\switchyard\components\switchyard-component-test-mixin-naming\0.8.0.Final\switchyard-component-test-mixin-naming-0.8.0.Final.jar;D:\MavenRepo\org\jboss\as\jboss-as-naming\7.1.1.Final\jboss-as-naming-7.1.1.Final.jar;D:\MavenRepo\org\jboss\jboss-remote-naming\1.0.2.Final\jboss-remote-naming-1.0.2.Final.jar;D:\MavenRepo\org\jboss\jboss-ejb-client\1.0.5.Final\jboss-ejb-client-1.0.5.Final.jar;D:\MavenRepo\org\jboss\marshalling\jboss-marshalling\1.3.11.GA\jboss-marshalling-1.3.11.GA.jar;D:\MavenRepo\org\jboss\xnio\xnio-api\3.0.3.GA\xnio-api-3.0.3.GA.jar;D:\MavenRepo\org\jboss\remoting3\jboss-remoting\3.2.3.GA\jboss-remoting-3.2.3.GA.jar;D:\MavenRepo\org\jboss\logging\jboss-logging\3.1.0.GA\jboss-logging-3.1.0.GA.jar;D:\MavenRepo\org\jboss\msc\jboss-msc\1.0.2.GA\jboss-msc-1.0.2.GA.jar;D:\MavenRepo\org\jboss\as\jboss-as-server\7.1.1.Final\jboss-as-server-7.1.1.Final.jar;D:\MavenRepo\org\jboss\as\jboss-as-controller\7.1.1.Final\jboss-as-controller-7.1.1.Final.jar;D:\MavenRepo\org\jboss\as\jboss-as-controller-client\7.1.1.Final\jboss-as-controller-client-7.1.1.Final.jar;D:\MavenRepo\org\jboss\staxmapper\1.1.0.Final\staxmapper-1.1.0.Final.jar;D:\MavenRepo\org\jboss\as\jboss-as-domain-http-interface\7.1.1.Final\jboss-as-domain-http-interface-7.1.1.Final.jar;D:\MavenRepo\org\jboss\as\jboss-as-domain-management\7.1.1.Final\jboss-as-domain-management-7.1.1.Final.jar;D:\MavenRepo\org\jboss\jboss-common-core\2.2.17.GA\jboss-common-core-2.2.17.GA.jar;D:\MavenRepo\org\jboss\com\sun\httpserver\httpserver\1.0.0.Final\httpserver-1.0.0.Final.jar;D:\MavenRepo\org\jboss\as\jboss-as-deployment-repository\7.1.1.Final\jboss-as-deployment-repository-7.1.1.Final.jar;D:\MavenRepo\org\jboss\as\jboss-as-protocol\7.1.1.Final\jboss-as-protocol-7.1.1.Final.jar;D:\MavenRepo\org\jboss\xnio\xnio-nio\3.0.3.GA\xnio-nio-3.0.3.GA.jar;D:\MavenRepo\org\jboss\as\jboss-as-embedded\7.1.1.Final\jboss-as-embedded-7.1.1.Final.jar;D:\MavenRepo\org\jboss\as\jboss-as-platform-mbean\7.1.1.Final\jboss-as-platform-mbean-7.1.1.Final.jar;D:\MavenRepo\org\jboss\as\jboss-as-process-controller\7.1.1.Final\jboss-as-process-controller-7.1.1.Final.jar;C:\Programmi\Java\jdk1.6.0\jre\..\lib\tools.jar;D:\MavenRepo\org\jboss\as\jboss-as-remoting\7.1.1.Final\jboss-as-remoting-7.1.1.Final.jar;D:\MavenRepo\org\jboss\as\jboss-as-network\7.1.1.Final\jboss-as-network-7.1.1.Final.jar;D:\MavenRepo\org\jboss\as\jboss-as-threads\7.1.1.Final\jboss-as-threads-7.1.1.Final.jar;D:\MavenRepo\org\jboss\jandex\1.0.3.Final\jandex-1.0.3.Final.jar;D:\MavenRepo\org\jboss\jboss-dmr\1.1.1.Final\jboss-dmr-1.1.1.Final.jar;D:\MavenRepo\org\jboss\invocation\jboss-invocation\1.1.1.Final\jboss-invocation-1.1.1.Final.jar;D:\MavenRepo\org\jboss\logmanager\jboss-logmanager\1.2.2.GA\jboss-logmanager-1.2.2.GA.jar;D:\MavenRepo\org\jboss\logmanager\jboss-logmanager-log4j\1.0.0.GA\jboss-logmanager-log4j-1.0.0.GA.jar;D:\MavenRepo\org\jboss\modules\jboss-modules\1.1.1.GA\jboss-modules-1.1.1.GA.jar;D:\MavenRepo\org\jboss\sasl\jboss-sasl\1.0.0.Final\jboss-sasl-1.0.0.Final.jar;D:\MavenRepo\org\jboss\stdio\jboss-stdio\1.0.1.GA\jboss-stdio-1.0.1.GA.jar;D:\MavenRepo\org\jboss\threads\jboss-threads\2.0.0.GA\jboss-threads-2.0.0.GA.jar;D:\MavenRepo\org\jboss\jboss-vfs\3.1.0.Final\jboss-vfs-3.1.0.Final.jar;D:\MavenRepo\org\jboss\as\jboss-as-build-config\7.1.1.Final\jboss-as-build-config-7.1.1.Final.jar;D:\MavenRepo\org\jboss\ejb3\jboss-ejb3-api\3.1.0\jboss-ejb3-api-3.1.0.jar;D:\MavenRepo\org\jboss\javaee\jboss-transaction-api\1.0.1.CR2\jboss-transaction-api-1.0.1.CR2.jar;D:\MavenRepo\org\switchyard\components\switchyard-component-bean\0.8.0.Final\switchyard-component-bean-0.8.0.Final.jar;D:\MavenRepo\org\switchyard\switchyard-remote\0.8.0.Final\switchyard-remote-0.8.0.Final.jar;D:\MavenRepo\org\switchyard\switchyard-serial-jackson\0.8.0.Final\switchyard-serial-jackson-0.8.0.Final.jar;D:\MavenRepo\org\infinispan\infinispan-core\5.1.2.FINAL\infinispan-core-5.1.2.FINAL.jar;D:\MavenRepo\org\jboss\spec\javax\transaction\jboss-transaction-api_1.1_spec\1.0.0.Final\jboss-transaction-api_1.1_spec-1.0.0.Final.jar;D:\MavenRepo\org\rhq\helpers\rhq-pluginAnnotations\3.0.4\rhq-pluginAnnotations-3.0.4.jar;D:\MavenRepo\org\switchyard\components\switchyard-component-sca\0.8.0.Final\switchyard-component-sca-0.8.0.Final.jar;D:\MavenRepo\javax\servlet\servlet-api\2.5\servlet-api-2.5.jar;D:\MavenRepo\it\luigibennardis\prenotaEsamiLibs\1.0-SNAPSHOT\prenotaEsamiLibs-1.0-SNAPSHOT.jar;D:\MavenRepo\org\switchyard\components\switchyard-component-soap\0.8.0.Final\switchyard-component-soap-0.8.0.Final.jar;D:\MavenRepo\org\switchyard\components\switchyard-component-common\0.8.0.Final\switchyard-component-common-0.8.0.Final.jar;D:\MavenRepo\wsdl4j\wsdl4j\1.6.2\wsdl4j-1.6.2.jar;"/>
    <property name="java.vm.specification.version" value="1.0"/>
    <property name="sun.arch.data.model" value="32"/>
    <property name="java.home" value="C:\Programmi\Java\jdk1.6.0\jre"/>
    <property name="java.specification.vendor" value="Sun Microsystems Inc."/>
    <property name="user.language" value="it"/>
    <property name="awt.toolkit" value="sun.awt.windows.WToolkit"/>
    <property name="java.vm.info" value="mixed mode, sharing"/>
    <property name="java.version" value="1.6.0"/>
    <property name="java.ext.dirs" value="C:\Programmi\Java\jdk1.6.0\jre\lib\ext;C:\WINDOWS\Sun\Java\lib\ext"/>
    <property name="sun.boot.class.path" value="C:\Programmi\Java\jdk1.6.0\jre\lib\resources.jar;C:\Programmi\Java\jdk1.6.0\jre\lib\rt.jar;C:\Programmi\Java\jdk1.6.0\jre\lib\sunrsasign.jar;C:\Programmi\Java\jdk1.6.0\jre\lib\jsse.jar;C:\Programmi\Java\jdk1.6.0\jre\lib\jce.jar;C:\Programmi\Java\jdk1.6.0\jre\lib\charsets.jar;C:\Programmi\Java\jdk1.6.0\jre\classes"/>
    <property name="java.vendor" value="Sun Microsystems Inc."/>
    <property name="localRepository" value="D:\MavenRepo"/>
    <property name="file.separator" value="\"/>
    <property name="java.vendor.url.bug" value="http://java.sun.com/cgi-bin/bugreport.cgi"/>
    <property name="sun.cpu.endian" value="little"/>
    <property name="sun.io.unicode.encoding" value="UnicodeLittle"/>
    <property name="sun.desktop" value="windows"/>
    <property name="sun.cpu.isalist" value="pentium_pro+mmx pentium_pro pentium+mmx pentium i486 i386 i86"/>
  </properties>
  <testcase time="0.016" classname="it.luigibennardis.prenotazioneesami.switchyard.remoteinvoker.Test" name="initializationError">
    <error message="No runnable methods" type="java.lang.Exception">java.lang.Exception: No runnable methods
	at org.junit.runners.BlockJUnit4ClassRunner.validateInstanceMethods(BlockJUnit4ClassRunner.java:166)
	at org.junit.runners.BlockJUnit4ClassRunner.collectInitializationErrors(BlockJUnit4ClassRunner.java:102)
	at org.junit.runners.ParentRunner.validate(ParentRunner.java:344)
	at org.junit.runners.ParentRunner.&lt;init&gt;(ParentRunner.java:74)
	at org.junit.runners.BlockJUnit4ClassRunner.&lt;init&gt;(BlockJUnit4ClassRunner.java:55)
	at org.junit.internal.builders.JUnit4Builder.runnerForClass(JUnit4Builder.java:13)
	at org.junit.runners.model.RunnerBuilder.safeRunnerForClass(RunnerBuilder.java:57)
	at org.junit.internal.builders.AllDefaultPossibilitiesBuilder.runnerForClass(AllDefaultPossibilitiesBuilder.java:29)
	at org.junit.runners.model.RunnerBuilder.safeRunnerForClass(RunnerBuilder.java:57)
	at org.junit.internal.requests.ClassRequest.getRunner(ClassRequest.java:24)
	at org.apache.maven.surefire.junit4.JUnit4TestSet.execute(JUnit4TestSet.java:51)
	at org.apache.maven.surefire.suite.AbstractDirectoryTestSuite.executeTestSet(AbstractDirectoryTestSuite.java:120)
	at org.apache.maven.surefire.suite.AbstractDirectoryTestSuite.execute(AbstractDirectoryTestSuite.java:103)
	at org.apache.maven.surefire.Surefire.run(Surefire.java:169)
	at sun.reflect.NativeMethodAccessorImpl.invoke0(Native Method)
	at sun.reflect.NativeMethodAccessorImpl.invoke(NativeMethodAccessorImpl.java:39)
	at sun.reflect.DelegatingMethodAccessorImpl.invoke(DelegatingMethodAccessorImpl.java:25)
	at java.lang.reflect.Method.invoke(Method.java:597)
	at org.apache.maven.surefire.booter.SurefireBooter.runSuitesInProcess(SurefireBooter.java:350)
	at org.apache.maven.surefire.booter.SurefireBooter.main(SurefireBooter.java:1021)
</error>
  </testcase>
</testsuite>